<?xml version="1.0" encoding="UTF-8"?>
<!-- Generated by org.testng.reporters.JUnitReportReporter -->
<testsuite skipped="0" hostname="MacBook-Pro-2" name="com.appskc.theinternet.LoginTests" tests="3" failures="0" timestamp="2019-12-23T19:22:22 CST" time="20.547" errors="0">
  <testcase name="positiveLoginTests" time="9.128" classname="com.appskc.theinternet.LoginTests"/>
  <testcase name="negativeLoginTest" time="8.273" classname="com.appskc.theinternet.LoginTests"/>
  <testcase name="negativeLoginTest" time="3.146" classname="com.appskc.theinternet.LoginTests"/>
</testsuite> <!-- com.appskc.theinternet.LoginTests -->
