<?xml version="1.0" encoding="UTF-8"?>
<!-- Generated by org.testng.reporters.JUnitReportReporter -->
<testsuite skipped="0" hostname="MacBook-Pro-2" name="com.appskc.theinternet.LoginTests" tests="3" failures="0" timestamp="2019-12-24T21:18:51 CST" time="14.447" errors="0">
  <testcase name="positiveLoginTests" time="4.028" classname="com.appskc.theinternet.LoginTests"/>
  <testcase name="negativeLoginTest" time="3.001" classname="com.appskc.theinternet.LoginTests"/>
  <testcase name="negativeLoginTest" time="7.418" classname="com.appskc.theinternet.LoginTests"/>
</testsuite> <!-- com.appskc.theinternet.LoginTests -->
