<?xml version="1.0" encoding="UTF-8"?>
<!-- Generated by org.testng.reporters.JUnitReportReporter -->
<testsuite skipped="0" hostname="MacBook-Pro-2" name="com.appskc.theinternet.LoginTests" tests="3" failures="0" timestamp="2019-12-23T20:11:10 CST" time="14.297" errors="0">
  <testcase name="positiveLoginTests" time="3.933" classname="com.appskc.theinternet.LoginTests"/>
  <testcase name="negativeLoginTest" time="2.983" classname="com.appskc.theinternet.LoginTests"/>
  <testcase name="negativeLoginTest" time="7.381" classname="com.appskc.theinternet.LoginTests"/>
</testsuite> <!-- com.appskc.theinternet.LoginTests -->
