<?xml version="1.0" encoding="UTF-8"?>
<!-- Generated by org.testng.reporters.JUnitReportReporter -->
<testsuite skipped="0" hostname="MacBook-Pro-2" name="com.appskc.theinternet.PositiveTests" tests="1" failures="0" timestamp="2019-12-23T16:47:20 CST" time="4.110" errors="0">
  <testcase name="loginTests" time="4.110" classname="com.appskc.theinternet.PositiveTests"/>
</testsuite> <!-- com.appskc.theinternet.PositiveTests -->
