<?xml version="1.0" encoding="UTF-8"?>
<!-- Generated by org.testng.reporters.JUnitReportReporter -->
<testsuite skipped="0" hostname="MacBook-Pro-2.home" name="com.appskc.theinternet.ExceptionTests" tests="1" failures="0" timestamp="2019-12-25T18:25:32 CST" time="6.717" errors="0">
  <testcase name="disabledElementTest" time="6.717" classname="com.appskc.theinternet.ExceptionTests"/>
</testsuite> <!-- com.appskc.theinternet.ExceptionTests -->
