<?xml version="1.0" encoding="UTF-8"?>
<!-- Generated by org.testng.reporters.JUnitReportReporter -->
<testsuite skipped="0" hostname="MacBook-Pro-2" name="com.appskc.theinternet.NegativeTests" tests="2" failures="0" timestamp="2019-12-23T18:25:42 CST" time="6.958" errors="0">
  <testcase name="negativeLoginTest" time="4.029" classname="com.appskc.theinternet.NegativeTests"/>
  <testcase name="negativeLoginTest" time="2.929" classname="com.appskc.theinternet.NegativeTests"/>
</testsuite> <!-- com.appskc.theinternet.NegativeTests -->
