<?xml version="1.0" encoding="UTF-8"?>
<!-- Generated by org.testng.reporters.JUnitReportReporter -->
<testsuite skipped="0" hostname="MacBook-Pro-2" name="com.appskc.theinternet.NegativeTests" tests="2" failures="0" timestamp="2019-12-23T10:26:23 CST" time="8.007" errors="0">
  <testcase name="incorrectPasswordTest" time="4.448" classname="com.appskc.theinternet.NegativeTests"/>
  <testcase name="incorrectUsernameTest" time="3.559" classname="com.appskc.theinternet.NegativeTests"/>
</testsuite> <!-- com.appskc.theinternet.NegativeTests -->
