<?xml version="1.0" encoding="UTF-8"?>
<!-- Generated by org.testng.reporters.JUnitReportReporter -->
<testsuite skipped="0" hostname="MacBook-Pro-2" name="com.appskc.theinternet.PositiveTests" tests="1" failures="0" timestamp="2019-12-22T22:06:13 CST" time="5.444" errors="0">
  <testcase name="loginTests" time="5.444" classname="com.appskc.theinternet.PositiveTests"/>
</testsuite> <!-- com.appskc.theinternet.PositiveTests -->
